[1/16] Building C object esp-idf/uart_lib/CMakeFiles/__idf_uart_lib.dir/uart_lib.c.obj
[2/16] Building C object esp-idf/handle_fingerprint/CMakeFiles/__idf_handle_fingerprint.dir/handle_fingerprint.c.obj
[3/16] Performing build step for 'bootloader'
[1/1] cmd.exe /C "cd /D "D:\ESP\ESP project\fingerprint\build\bootloader\esp-idf\esptool_py" && D:\ESP\ESP\Espressif\python_env\idf5.2_py3.11_env\Scripts\python.exe D:/ESP/ESP/Espressif/frameworks/esp-idf-v5.2.2/components/partition_table/check_sizes.py --offset 0x8000 bootloader 0x1000 "D:/ESP/ESP project/fingerprint/build/bootloader/bootloader.bin""
Bootloader binary size 0x6860 bytes. 0x7a0 bytes (7%) free.
[4/14] Linking C static library esp-idf\uart_lib\libuart_lib.a
[5/14] Linking C static library esp-idf\handle_fingerprint\libhandle_fingerprint.a
[6/14] Building C object esp-idf/main/CMakeFiles/__idf_main.dir/main.c.obj
[7/14] Building C object esp-idf/handle_password/CMakeFiles/__idf_handle_password.dir/handle_password.c.obj
[8/14] Linking C static library esp-idf\handle_password\libhandle_password.a
[9/14] Linking C static library esp-idf\main\libmain.a
[10/14] Generating ld/sections.ld
[11/14] Linking CXX executable fingerprint.elf
FAILED: fingerprint.elf 
cmd.exe /C "cd . && D:\ESP\ESP\Espressif\tools\xtensa-esp-elf\esp-13.2.0_20230928\xtensa-esp-elf\bin\xtensa-esp32-elf-g++.exe -mlongcalls -Wno-frame-address  -fno-builtin-memcpy -fno-builtin-memset -fno-builtin-bzero -fno-builtin-stpcpy -fno-builtin-strncpy -Wl,--cref -Wl,--defsym=IDF_TARGET_ESP32=0 "-Wl,--Map=D:/ESP/ESP project/fingerprint/build/fingerprint.map" -Wl,--no-warn-rwx-segments -fno-rtti -fno-lto -Wl,--gc-sections -Wl,--warn-common -T esp32.peripherals.ld -T esp32.rom.ld -T esp32.rom.api.ld -T esp32.rom.libgcc.ld -T esp32.rom.newlib-data.ld -T esp32.rom.syscalls.ld -T esp32.rom.newlib-funcs.ld -T memory.ld -T sections.ld @CMakeFiles\fingerprint.elf.rsp -o fingerprint.elf  && cd ."
D:/ESP/ESP/Espressif/tools/xtensa-esp-elf/esp-13.2.0_20230928/xtensa-esp-elf/bin/../lib/gcc/xtensa-esp-elf/13.2.0/../../../../xtensa-esp-elf/bin/ld.exe: esp-idf/handle_password/libhandle_password.a(handle_password.c.obj):D:/ESP/ESP project/fingerprint/components/handle_password/handle_password.c:7: multiple definition of `correct_password'; esp-idf/main/libmain.a(main.c.obj):D:/ESP/ESP project/fingerprint/main/main.c:14: first defined here
D:/ESP/ESP/Espressif/tools/xtensa-esp-elf/esp-13.2.0_20230928/xtensa-esp-elf/bin/../lib/gcc/xtensa-esp-elf/13.2.0/../../../../xtensa-esp-elf/bin/ld.exe: esp-idf/handle_password/libhandle_password.a(handle_password.c.obj):D:/ESP/ESP project/fingerprint/components/handle_password/handle_password.c:9: multiple definition of `number_fail'; esp-idf/main/libmain.a(main.c.obj):D:/ESP/ESP project/fingerprint/main/main.c:16: first defined here
D:/ESP/ESP/Espressif/tools/xtensa-esp-elf/esp-13.2.0_20230928/xtensa-esp-elf/bin/../lib/gcc/xtensa-esp-elf/13.2.0/../../../../xtensa-esp-elf/bin/ld.exe: esp-idf/handle_password/libhandle_password.a(handle_password.c.obj):D:/ESP/ESP project/fingerprint/components/handle_password/handle_password.c:8: multiple definition of `enter_password'; esp-idf/main/libmain.a(main.c.obj):D:/ESP/ESP project/fingerprint/main/main.c:15: first defined here
collect2.exe: error: ld returned 1 exit status
ninja: build stopped: subcommand failed.
